# JRE version: Java(TM) SE Runtime Environment (8.0_111-b14) (build 1.8.0_111-b14)
# Java VM: Java HotSpot(TM) 64-Bit Server VM (25.111-b14 mixed mode bsd-amd64 compressed oops)
Heap:
 PSYoungGen      total 131584K, used 99835K [0x0000000755580000, 0x000000075e800000, 0x00000007c0000000)
  eden space 115200K, 77% used [0x0000000755580000,0x000000075acb12c0,0x000000075c600000)
  from space 16384K, 64% used [0x000000075d800000,0x000000075e24da38,0x000000075e800000)
  to   space 17408K, 0% used [0x000000075c600000,0x000000075c600000,0x000000075d700000)
 ParOldGen       total 215552K, used 32289K [0x0000000680000000, 0x000000068d280000, 0x0000000755580000)
  object space 215552K, 14% used [0x0000000680000000,0x0000000681f88658,0x000000068d280000)
 Metaspace       used 41657K, capacity 43078K, committed 43776K, reserved 1087488K
  class space    used 5297K, capacity 5673K, committed 5888K, reserved 1048576K
GC Heap History (10 events):
Event: 2170.021 GC heap before
{Heap before GC invocations=3090 (full 69):
 PSYoungGen      total 121856K, used 117821K [0x0000000755580000, 0x000000075e000000, 0x00000007c0000000)
  eden space 103936K, 99% used [0x0000000755580000,0x000000075ba69fe0,0x000000075bb00000)
  from space 17920K, 80% used [0x000000075ce00000,0x000000075dc25500,0x000000075df80000)
  to   space 18944K, 0% used [0x000000075bb00000,0x000000075bb00000,0x000000075cd80000)
 ParOldGen       total 201216K, used 182565K [0x0000000680000000, 0x000000068c480000, 0x0000000755580000)
  object space 201216K, 90% used [0x0000000680000000,0x000000068b2496b0,0x000000068c480000)
 Metaspace       used 41657K, capacity 43078K, committed 43776K, reserved 1087488K
  class space    used 5297K, capacity 5673K, committed 5888K, reserved 1048576K
Event: 2170.024 GC heap after
Heap after GC invocations=3090 (full 69):
 PSYoungGen      total 117760K, used 14901K [0x0000000755580000, 0x000000075df80000, 0x00000007c0000000)
  eden space 102400K, 0% used [0x0000000755580000,0x0000000755580000,0x000000075b980000)
  from space 15360K, 97% used [0x000000075bb00000,0x000000075c98d4e8,0x000000075ca00000)
  to   space 19456K, 0% used [0x000000075cc80000,0x000000075cc80000,0x000000075df80000)
 ParOldGen       total 201216K, used 182573K [0x0000000680000000, 0x000000068c480000, 0x0000000755580000)
  object space 201216K, 90% used [0x0000000680000000,0x000000068b24b6b0,0x000000068c480000)
 Metaspace       used 41657K, capacity 43078K, committed 43776K, reserved 1087488K
  class space    used 5297K, capacity 5673K, committed 5888K, reserved 1048576K
}
Event: 2170.930 GC heap before
{Heap before GC invocations=3091 (full 70):
 PSYoungGen      total 117760K, used 115636K [0x0000000755580000, 0x000000075df80000, 0x00000007c0000000)
  eden space 102400K, 98% used [0x0000000755580000,0x000000075b7dfd48,0x000000075b980000)
  from space 15360K, 97% used [0x000000075bb00000,0x000000075c98d4e8,0x000000075ca00000)
  to   space 19456K, 0% used [0x000000075cc80000,0x000000075cc80000,0x000000075df80000)
 ParOldGen       total 335360K, used 334135K [0x0000000680000000, 0x0000000694780000, 0x0000000755580000)
  object space 335360K, 99% used [0x0000000680000000,0x000000069464ddf8,0x0000000694780000)
 Metaspace       used 41657K, capacity 43078K, committed 43776K, reserved 1087488K
  class space    used 5297K, capacity 5673K, committed 5888K, reserved 1048576K
Event: 2170.984 GC heap after
Heap after GC invocations=3091 (full 70):
 PSYoungGen      total 117760K, used 0K [0x0000000755580000, 0x000000075df80000, 0x00000007c0000000)
  eden space 102400K, 0% used [0x0000000755580000,0x0000000755580000,0x000000075b980000)
  from space 15360K, 0% used [0x000000075bb00000,0x000000075bb00000,0x000000075ca00000)
  to   space 19456K, 0% used [0x000000075cc80000,0x000000075cc80000,0x000000075df80000)
 ParOldGen       total 215552K, used 28207K [0x0000000680000000, 0x000000068d280000, 0x0000000755580000)
  object space 215552K, 13% used [0x0000000680000000,0x0000000681b8be38,0x000000068d280000)
 Metaspace       used 41657K, capacity 43078K, committed 43776K, reserved 1087488K
  class space    used 5297K, capacity 5673K, committed 5888K, reserved 1048576K
}
Event: 2171.340 GC heap before
{Heap before GC invocations=3092 (full 70):
 PSYoungGen      total 117760K, used 100263K [0x0000000755580000, 0x000000075df80000, 0x00000007c0000000)
  eden space 102400K, 97% used [0x0000000755580000,0x000000075b769c68,0x000000075b980000)
  from space 15360K, 0% used [0x000000075bb00000,0x000000075bb00000,0x000000075ca00000)
  to   space 19456K, 0% used [0x000000075cc80000,0x000000075cc80000,0x000000075df80000)
 ParOldGen       total 215552K, used 28207K [0x0000000680000000, 0x000000068d280000, 0x0000000755580000)
  object space 215552K, 13% used [0x0000000680000000,0x0000000681b8be38,0x000000068d280000)
 Metaspace       used 41657K, capacity 43078K, committed 43776K, reserved 1087488K
  class space    used 5297K, capacity 5673K, committed 5888K, reserved 1048576K
Event: 2171.343 GC heap after
Heap after GC invocations=3092 (full 70):
 PSYoungGen      total 117760K, used 9181K [0x0000000755580000, 0x000000075dd00000, 0x00000007c0000000)
  eden space 100864K, 0% used [0x0000000755580000,0x0000000755580000,0x000000075b800000)
  from space 16896K, 54% used [0x000000075cc80000,0x000000075d577548,0x000000075dd00000)
  to   space 18944K, 0% used [0x000000075b800000,0x000000075b800000,0x000000075ca80000)
 ParOldGen       total 215552K, used 28207K [0x0000000680000000, 0x000000068d280000, 0x0000000755580000)
  object space 215552K, 13% used [0x0000000680000000,0x0000000681b8be38,0x000000068d280000)
 Metaspace       used 41657K, capacity 43078K, committed 43776K, reserved 1087488K
  class space    used 5297K, capacity 5673K, committed 5888K, reserved 1048576K
}
Event: 2171.671 GC heap before
{Heap before GC invocations=3093 (full 70):
 PSYoungGen      total 117760K, used 107868K [0x0000000755580000, 0x000000075dd00000, 0x00000007c0000000)
  eden space 100864K, 97% used [0x0000000755580000,0x000000075b5dfd70,0x000000075b800000)
  from space 16896K, 54% used [0x000000075cc80000,0x000000075d577548,0x000000075dd00000)
  to   space 18944K, 0% used [0x000000075b800000,0x000000075b800000,0x000000075ca80000)
 ParOldGen       total 215552K, used 28207K [0x0000000680000000, 0x000000068d280000, 0x0000000755580000)
  object space 215552K, 13% used [0x0000000680000000,0x0000000681b8be38,0x000000068d280000)
 Metaspace       used 41657K, capacity 43078K, committed 43776K, reserved 1087488K
  class space    used 5297K, capacity 5673K, committed 5888K, reserved 1048576K
Event: 2171.676 GC heap after
Heap after GC invocations=3093 (full 70):
 PSYoungGen      total 119808K, used 10550K [0x0000000755580000, 0x000000075ea00000, 0x00000007c0000000)
  eden space 100864K, 0% used [0x0000000755580000,0x0000000755580000,0x000000075b800000)
  from space 18944K, 55% used [0x000000075b800000,0x000000075c24da38,0x000000075ca80000)
  to   space 18432K, 0% used [0x000000075d800000,0x000000075d800000,0x000000075ea00000)
 ParOldGen       total 215552K, used 32273K [0x0000000680000000, 0x000000068d280000, 0x0000000755580000)
  object space 215552K, 14% used [0x0000000680000000,0x0000000681f84658,0x000000068d280000)
 Metaspace       used 41657K, capacity 43078K, committed 43776K, reserved 1087488K
  class space    used 5297K, capacity 5673K, committed 5888K, reserved 1048576K
}
Event: 2172.024 GC heap before
{Heap before GC invocations=3094 (full 70):
 PSYoungGen      total 119808K, used 110981K [0x0000000755580000, 0x000000075ea00000, 0x00000007c0000000)
  eden space 100864K, 99% used [0x0000000755580000,0x000000075b793d88,0x000000075b800000)
  from space 18944K, 55% used [0x000000075b800000,0x000000075c24da38,0x000000075ca80000)
  to   space 18432K, 0% used [0x000000075d800000,0x000000075d800000,0x000000075ea00000)
 ParOldGen       total 215552K, used 32273K [0x0000000680000000, 0x000000068d280000, 0x0000000755580000)
  object space 215552K, 14% used [0x0000000680000000,0x0000000681f84658,0x000000068d280000)
 Metaspace       used 41657K, capacity 43078K, committed 43776K, reserved 1087488K
  class space    used 5297K, capacity 5673K, committed 5888K, reserved 1048576K
Event: 2172.027 GC heap after
Heap after GC invocations=3094 (full 70):
 PSYoungGen      total 131584K, used 10550K [0x0000000755580000, 0x000000075e800000, 0x00000007c0000000)
  eden space 115200K, 0% used [0x0000000755580000,0x0000000755580000,0x000000075c600000)
  from space 16384K, 64% used [0x000000075d800000,0x000000075e24da38,0x000000075e800000)
  to   space 17408K, 0% used [0x000000075c600000,0x000000075c600000,0x000000075d700000)
 ParOldGen       total 215552K, used 32289K [0x0000000680000000, 0x000000068d280000, 0x0000000755580000)
  object space 215552K, 14% used [0x0000000680000000,0x0000000681f88658,0x000000068d280000)
 Metaspace       used 41657K, capacity 43078K, committed 43776K, reserved 1087488K
  class space    used 5297K, capacity 5673K, committed 5888K, reserved 1048576K
}

