# JRE version: Java(TM) SE Runtime Environment (8.0_111-b14) (build 1.8.0_111-b14)
# Java VM: Java HotSpot(TM) 64-Bit Server VM (25.111-b14 mixed mode bsd-amd64 compressed oops)
Heap:
 PSYoungGen      total 1439232K, used 293104K [0x0000000755580000, 0x00000007bc880000, 0x00000007c0000000)
  eden space 1424384K, 19% used [0x0000000755580000,0x0000000766593ba8,0x00000007ac480000)
  from space 14848K, 97% used [0x00000007bba00000,0x00000007bc8287a8,0x00000007bc880000)
  to   space 26112K, 0% used [0x00000007b9580000,0x00000007b9580000,0x00000007baf00000)
 ParOldGen       total 348160K, used 39074K [0x0000000680000000, 0x0000000695400000, 0x0000000755580000)
  object space 348160K, 11% used [0x0000000680000000,0x0000000682628918,0x0000000695400000)
 Metaspace       used 42124K, capacity 43456K, committed 43648K, reserved 1087488K
  class space    used 5532K, capacity 5924K, committed 6016K, reserved 1048576K
GC Heap History (10 events):
Event: 217.782 GC heap before
{Heap before GC invocations=66 (full 4):
 PSYoungGen      total 1716736K, used 1703508K [0x0000000755580000, 0x00000007bff00000, 0x00000007c0000000)
  eden space 1689088K, 100% used [0x0000000755580000,0x00000007bc700000,0x00000007bc700000)
  from space 27648K, 52% used [0x00000007be200000,0x00000007bf0153b8,0x00000007bfd00000)
  to   space 27648K, 0% used [0x00000007bc700000,0x00000007bc700000,0x00000007be200000)
 ParOldGen       total 612352K, used 611580K [0x0000000680000000, 0x00000006a5600000, 0x0000000755580000)
  object space 612352K, 99% used [0x0000000680000000,0x00000006a553f1c8,0x00000006a5600000)
 Metaspace       used 42094K, capacity 43456K, committed 43648K, reserved 1087488K
  class space    used 5527K, capacity 5924K, committed 6016K, reserved 1048576K
Event: 217.858 GC heap after
Heap after GC invocations=66 (full 4):
 PSYoungGen      total 1716736K, used 0K [0x0000000755580000, 0x00000007bff00000, 0x00000007c0000000)
  eden space 1689088K, 0% used [0x0000000755580000,0x0000000755580000,0x00000007bc700000)
  from space 27648K, 0% used [0x00000007be200000,0x00000007be200000,0x00000007bfd00000)
  to   space 27648K, 0% used [0x00000007bc700000,0x00000007bc700000,0x00000007be200000)
 ParOldGen       total 348160K, used 36780K [0x0000000680000000, 0x0000000695400000, 0x0000000755580000)
  object space 348160K, 10% used [0x0000000680000000,0x00000006823eb278,0x0000000695400000)
 Metaspace       used 42094K, capacity 43456K, committed 43648K, reserved 1087488K
  class space    used 5527K, capacity 5924K, committed 6016K, reserved 1048576K
}
Event: 223.344 GC heap before
{Heap before GC invocations=67 (full 4):
 PSYoungGen      total 1716736K, used 1686991K [0x0000000755580000, 0x00000007bff00000, 0x00000007c0000000)
  eden space 1689088K, 99% used [0x0000000755580000,0x00000007bc4f3e78,0x00000007bc700000)
  from space 27648K, 0% used [0x00000007be200000,0x00000007be200000,0x00000007bfd00000)
  to   space 27648K, 0% used [0x00000007bc700000,0x00000007bc700000,0x00000007be200000)
 ParOldGen       total 348160K, used 36780K [0x0000000680000000, 0x0000000695400000, 0x0000000755580000)
  object space 348160K, 10% used [0x0000000680000000,0x00000006823eb278,0x0000000695400000)
 Metaspace       used 42116K, capacity 43456K, committed 43648K, reserved 1087488K
  class space    used 5532K, capacity 5924K, committed 6016K, reserved 1048576K
Event: 223.347 GC heap after
Heap after GC invocations=67 (full 4):
 PSYoungGen      total 1631232K, used 12940K [0x0000000755580000, 0x00000007be280000, 0x00000007c0000000)
  eden space 1617920K, 0% used [0x0000000755580000,0x0000000755580000,0x00000007b8180000)
  from space 13312K, 97% used [0x00000007bc700000,0x00000007bd3a30d8,0x00000007bd400000)
  to   space 14848K, 0% used [0x00000007bd400000,0x00000007bd400000,0x00000007be280000)
 ParOldGen       total 348160K, used 36780K [0x0000000680000000, 0x0000000695400000, 0x0000000755580000)
  object space 348160K, 10% used [0x0000000680000000,0x00000006823eb278,0x0000000695400000)
 Metaspace       used 42116K, capacity 43456K, committed 43648K, reserved 1087488K
  class space    used 5532K, capacity 5924K, committed 6016K, reserved 1048576K
}
Event: 228.557 GC heap before
{Heap before GC invocations=68 (full 4):
 PSYoungGen      total 1631232K, used 1628464K [0x0000000755580000, 0x00000007be280000, 0x00000007c0000000)
  eden space 1617920K, 99% used [0x0000000755580000,0x00000007b7f29230,0x00000007b8180000)
  from space 13312K, 97% used [0x00000007bc700000,0x00000007bd3a30d8,0x00000007bd400000)
  to   space 14848K, 0% used [0x00000007bd400000,0x00000007bd400000,0x00000007be280000)
 ParOldGen       total 348160K, used 36780K [0x0000000680000000, 0x0000000695400000, 0x0000000755580000)
  object space 348160K, 10% used [0x0000000680000000,0x00000006823eb278,0x0000000695400000)
 Metaspace       used 42122K, capacity 43456K, committed 43648K, reserved 1087488K
  class space    used 5532K, capacity 5924K, committed 6016K, reserved 1048576K
Event: 228.562 GC heap after
Heap after GC invocations=68 (full 4):
 PSYoungGen      total 1563648K, used 12972K [0x0000000755580000, 0x00000007be100000, 0x00000007c0000000)
  eden space 1550336K, 0% used [0x0000000755580000,0x0000000755580000,0x00000007b3f80000)
  from space 13312K, 97% used [0x00000007bd400000,0x00000007be0ab0d8,0x00000007be100000)
  to   space 27136K, 0% used [0x00000007bac00000,0x00000007bac00000,0x00000007bc680000)
 ParOldGen       total 348160K, used 39074K [0x0000000680000000, 0x0000000695400000, 0x0000000755580000)
  object space 348160K, 11% used [0x0000000680000000,0x0000000682628918,0x0000000695400000)
 Metaspace       used 42122K, capacity 43456K, committed 43648K, reserved 1087488K
  class space    used 5532K, capacity 5924K, committed 6016K, reserved 1048576K
}
Event: 233.550 GC heap before
{Heap before GC invocations=69 (full 4):
 PSYoungGen      total 1563648K, used 1562840K [0x0000000755580000, 0x00000007be100000, 0x00000007c0000000)
  eden space 1550336K, 99% used [0x0000000755580000,0x00000007b3f0b038,0x00000007b3f80000)
  from space 13312K, 97% used [0x00000007bd400000,0x00000007be0ab0d8,0x00000007be100000)
  to   space 27136K, 0% used [0x00000007bac00000,0x00000007bac00000,0x00000007bc680000)
 ParOldGen       total 348160K, used 39074K [0x0000000680000000, 0x0000000695400000, 0x0000000755580000)
  object space 348160K, 11% used [0x0000000680000000,0x0000000682628918,0x0000000695400000)
 Metaspace       used 42123K, capacity 43456K, committed 43648K, reserved 1087488K
  class space    used 5532K, capacity 5924K, committed 6016K, reserved 1048576K
Event: 233.554 GC heap after
Heap after GC invocations=69 (full 4):
 PSYoungGen      total 1496576K, used 10710K [0x0000000755580000, 0x00000007bd480000, 0x00000007c0000000)
  eden space 1485824K, 0% used [0x0000000755580000,0x0000000755580000,0x00000007b0080000)
  from space 10752K, 99% used [0x00000007bac00000,0x00000007bb675a38,0x00000007bb680000)
  to   space 27136K, 0% used [0x00000007bba00000,0x00000007bba00000,0x00000007bd480000)
 ParOldGen       total 348160K, used 39074K [0x0000000680000000, 0x0000000695400000, 0x0000000755580000)
  object space 348160K, 11% used [0x0000000680000000,0x0000000682628918,0x0000000695400000)
 Metaspace       used 42123K, capacity 43456K, committed 43648K, reserved 1087488K
  class space    used 5532K, capacity 5924K, committed 6016K, reserved 1048576K
}
Event: 238.340 GC heap before
{Heap before GC invocations=70 (full 4):
 PSYoungGen      total 1496576K, used 1495643K [0x0000000755580000, 0x00000007bd480000, 0x00000007c0000000)
  eden space 1485824K, 99% used [0x0000000755580000,0x00000007affa15b8,0x00000007b0080000)
  from space 10752K, 99% used [0x00000007bac00000,0x00000007bb675a38,0x00000007bb680000)
  to   space 27136K, 0% used [0x00000007bba00000,0x00000007bba00000,0x00000007bd480000)
 ParOldGen       total 348160K, used 39074K [0x0000000680000000, 0x0000000695400000, 0x0000000755580000)
  object space 348160K, 11% used [0x0000000680000000,0x0000000682628918,0x0000000695400000)
 Metaspace       used 42124K, capacity 43456K, committed 43648K, reserved 1087488K
  class space    used 5532K, capacity 5924K, committed 6016K, reserved 1048576K
Event: 238.342 GC heap after
Heap after GC invocations=70 (full 4):
 PSYoungGen      total 1439232K, used 14497K [0x0000000755580000, 0x00000007bc880000, 0x00000007c0000000)
  eden space 1424384K, 0% used [0x0000000755580000,0x0000000755580000,0x00000007ac480000)
  from space 14848K, 97% used [0x00000007bba00000,0x00000007bc8287a8,0x00000007bc880000)
  to   space 26112K, 0% used [0x00000007b9580000,0x00000007b9580000,0x00000007baf00000)
 ParOldGen       total 348160K, used 39074K [0x0000000680000000, 0x0000000695400000, 0x0000000755580000)
  object space 348160K, 11% used [0x0000000680000000,0x0000000682628918,0x0000000695400000)
 Metaspace       used 42124K, capacity 43456K, committed 43648K, reserved 1087488K
  class space    used 5532K, capacity 5924K, committed 6016K, reserved 1048576K
}

