# JRE version: Java(TM) SE Runtime Environment (8.0_111-b14) (build 1.8.0_111-b14)
# Java VM: Java HotSpot(TM) 64-Bit Server VM (25.111-b14 mixed mode bsd-amd64 compressed oops)
Heap:
 PSYoungGen      total 203264K, used 153969K [0x0000000755580000, 0x0000000762f00000, 0x00000007c0000000)
  eden space 183808K, 76% used [0x0000000755580000,0x000000075de7b390,0x0000000760900000)
  from space 19456K, 70% used [0x0000000761c00000,0x0000000762961468,0x0000000762f00000)
  to   space 19456K, 0% used [0x0000000760900000,0x0000000760900000,0x0000000761c00000)
 ParOldGen       total 252416K, used 86131K [0x0000000680000000, 0x000000068f680000, 0x0000000755580000)
  object space 252416K, 34% used [0x0000000680000000,0x000000068541ce28,0x000000068f680000)
 Metaspace       used 43082K, capacity 44698K, committed 44928K, reserved 1087488K
  class space    used 5471K, capacity 5911K, committed 6016K, reserved 1048576K
GC Heap History (10 events):
Event: 2764.421 GC heap before
{Heap before GC invocations=3720 (full 118):
 PSYoungGen      total 139264K, used 135088K [0x0000000755580000, 0x0000000760180000, 0x00000007c0000000)
  eden space 121344K, 99% used [0x0000000755580000,0x000000075cb46e78,0x000000075cc00000)
  from space 17920K, 80% used [0x000000075cc00000,0x000000075da25500,0x000000075dd80000)
  to   space 18432K, 0% used [0x000000075ef80000,0x000000075ef80000,0x0000000760180000)
 ParOldGen       total 252416K, used 80700K [0x0000000680000000, 0x000000068f680000, 0x0000000755580000)
  object space 252416K, 31% used [0x0000000680000000,0x0000000684ecf0e0,0x000000068f680000)
 Metaspace       used 43016K, capacity 44654K, committed 44928K, reserved 1087488K
  class space    used 5467K, capacity 5877K, committed 6016K, reserved 1048576K
Event: 2764.427 GC heap after
Heap after GC invocations=3720 (full 118):
 PSYoungGen      total 156160K, used 17926K [0x0000000755580000, 0x0000000760580000, 0x00000007c0000000)
  eden space 137728K, 0% used [0x0000000755580000,0x0000000755580000,0x000000075dc00000)
  from space 18432K, 97% used [0x000000075ef80000,0x0000000760101a10,0x0000000760180000)
  to   space 19968K, 0% used [0x000000075dc00000,0x000000075dc00000,0x000000075ef80000)
 ParOldGen       total 252416K, used 83009K [0x0000000680000000, 0x000000068f680000, 0x0000000755580000)
  object space 252416K, 32% used [0x0000000680000000,0x0000000685110780,0x000000068f680000)
 Metaspace       used 43016K, capacity 44654K, committed 44928K, reserved 1087488K
  class space    used 5467K, capacity 5877K, committed 6016K, reserved 1048576K
}
Event: 2764.875 GC heap before
{Heap before GC invocations=3721 (full 118):
 PSYoungGen      total 156160K, used 155144K [0x0000000755580000, 0x0000000760580000, 0x00000007c0000000)
  eden space 137728K, 99% used [0x0000000755580000,0x000000075db806b8,0x000000075dc00000)
  from space 18432K, 97% used [0x000000075ef80000,0x0000000760101a10,0x0000000760180000)
  to   space 19968K, 0% used [0x000000075dc00000,0x000000075dc00000,0x000000075ef80000)
 ParOldGen       total 252416K, used 83009K [0x0000000680000000, 0x000000068f680000, 0x0000000755580000)
  object space 252416K, 32% used [0x0000000680000000,0x0000000685110780,0x000000068f680000)
 Metaspace       used 43016K, capacity 44654K, committed 44928K, reserved 1087488K
  class space    used 5467K, capacity 5877K, committed 6016K, reserved 1048576K
Event: 2764.879 GC heap after
Heap after GC invocations=3721 (full 118):
 PSYoungGen      total 157696K, used 15576K [0x0000000755580000, 0x0000000761880000, 0x00000007c0000000)
  eden space 137728K, 0% used [0x0000000755580000,0x0000000755580000,0x000000075dc00000)
  from space 19968K, 78% used [0x000000075dc00000,0x000000075eb360e8,0x000000075ef80000)
  to   space 20480K, 0% used [0x0000000760480000,0x0000000760480000,0x0000000761880000)
 ParOldGen       total 252416K, used 86083K [0x0000000680000000, 0x000000068f680000, 0x0000000755580000)
  object space 252416K, 34% used [0x0000000680000000,0x0000000685410e28,0x000000068f680000)
 Metaspace       used 43016K, capacity 44654K, committed 44928K, reserved 1087488K
  class space    used 5467K, capacity 5877K, committed 6016K, reserved 1048576K
}
Event: 2765.334 GC heap before
{Heap before GC invocations=3722 (full 118):
 PSYoungGen      total 157696K, used 152184K [0x0000000755580000, 0x0000000761880000, 0x00000007c0000000)
  eden space 137728K, 99% used [0x0000000755580000,0x000000075dae80b0,0x000000075dc00000)
  from space 19968K, 78% used [0x000000075dc00000,0x000000075eb360e8,0x000000075ef80000)
  to   space 20480K, 0% used [0x0000000760480000,0x0000000760480000,0x0000000761880000)
 ParOldGen       total 252416K, used 86083K [0x0000000680000000, 0x000000068f680000, 0x0000000755580000)
  object space 252416K, 34% used [0x0000000680000000,0x0000000685410e28,0x000000068f680000)
 Metaspace       used 43016K, capacity 44654K, committed 44928K, reserved 1087488K
  class space    used 5467K, capacity 5877K, committed 6016K, reserved 1048576K
Event: 2765.339 GC heap after
Heap after GC invocations=3722 (full 118):
 PSYoungGen      total 178176K, used 12428K [0x0000000755580000, 0x0000000761700000, 0x00000007c0000000)
  eden space 159232K, 0% used [0x0000000755580000,0x0000000755580000,0x000000075f100000)
  from space 18944K, 65% used [0x0000000760480000,0x00000007610a30f0,0x0000000761700000)
  to   space 19456K, 0% used [0x000000075f100000,0x000000075f100000,0x0000000760400000)
 ParOldGen       total 252416K, used 86099K [0x0000000680000000, 0x000000068f680000, 0x0000000755580000)
  object space 252416K, 34% used [0x0000000680000000,0x0000000685414e28,0x000000068f680000)
 Metaspace       used 43016K, capacity 44654K, committed 44928K, reserved 1087488K
  class space    used 5467K, capacity 5877K, committed 6016K, reserved 1048576K
}
Event: 2765.817 GC heap before
{Heap before GC invocations=3723 (full 118):
 PSYoungGen      total 178176K, used 171202K [0x0000000755580000, 0x0000000761700000, 0x00000007c0000000)
  eden space 159232K, 99% used [0x0000000755580000,0x000000075f08d968,0x000000075f100000)
  from space 18944K, 65% used [0x0000000760480000,0x00000007610a30f0,0x0000000761700000)
  to   space 19456K, 0% used [0x000000075f100000,0x000000075f100000,0x0000000760400000)
 ParOldGen       total 252416K, used 86099K [0x0000000680000000, 0x000000068f680000, 0x0000000755580000)
  object space 252416K, 34% used [0x0000000680000000,0x0000000685414e28,0x000000068f680000)
 Metaspace       used 43016K, capacity 44654K, committed 44928K, reserved 1087488K
  class space    used 5467K, capacity 5877K, committed 6016K, reserved 1048576K
Event: 2765.820 GC heap after
Heap after GC invocations=3723 (full 118):
 PSYoungGen      total 178688K, used 14891K [0x0000000755580000, 0x0000000762f80000, 0x00000007c0000000)
  eden space 159232K, 0% used [0x0000000755580000,0x0000000755580000,0x000000075f100000)
  from space 19456K, 76% used [0x000000075f100000,0x000000075ff8ae70,0x0000000760400000)
  to   space 19968K, 0% used [0x0000000761c00000,0x0000000761c00000,0x0000000762f80000)
 ParOldGen       total 252416K, used 86115K [0x0000000680000000, 0x000000068f680000, 0x0000000755580000)
  object space 252416K, 34% used [0x0000000680000000,0x0000000685418e28,0x000000068f680000)
 Metaspace       used 43016K, capacity 44654K, committed 44928K, reserved 1087488K
  class space    used 5467K, capacity 5877K, committed 6016K, reserved 1048576K
}
Event: 2766.306 GC heap before
{Heap before GC invocations=3724 (full 118):
 PSYoungGen      total 178688K, used 173248K [0x0000000755580000, 0x0000000762f80000, 0x00000007c0000000)
  eden space 159232K, 99% used [0x0000000755580000,0x000000075f025548,0x000000075f100000)
  from space 19456K, 76% used [0x000000075f100000,0x000000075ff8ae70,0x0000000760400000)
  to   space 19968K, 0% used [0x0000000761c00000,0x0000000761c00000,0x0000000762f80000)
 ParOldGen       total 252416K, used 86115K [0x0000000680000000, 0x000000068f680000, 0x0000000755580000)
  object space 252416K, 34% used [0x0000000680000000,0x0000000685418e28,0x000000068f680000)
 Metaspace       used 43082K, capacity 44698K, committed 44928K, reserved 1087488K
  class space    used 5471K, capacity 5911K, committed 6016K, reserved 1048576K
Event: 2766.312 GC heap after
Heap after GC invocations=3724 (full 118):
 PSYoungGen      total 203264K, used 13701K [0x0000000755580000, 0x0000000762f00000, 0x00000007c0000000)
  eden space 183808K, 0% used [0x0000000755580000,0x0000000755580000,0x0000000760900000)
  from space 19456K, 70% used [0x0000000761c00000,0x0000000762961468,0x0000000762f00000)
  to   space 19456K, 0% used [0x0000000760900000,0x0000000760900000,0x0000000761c00000)
 ParOldGen       total 252416K, used 86131K [0x0000000680000000, 0x000000068f680000, 0x0000000755580000)
  object space 252416K, 34% used [0x0000000680000000,0x000000068541ce28,0x000000068f680000)
 Metaspace       used 43082K, capacity 44698K, committed 44928K, reserved 1087488K
  class space    used 5471K, capacity 5911K, committed 6016K, reserved 1048576K
}

